#
# There is insufficient memory for the Java Runtime Environment to continue.
# Native memory allocation (malloc) failed to allocate 1048576 bytes. Error detail: AllocateHeap
# Possible reasons:
#   The system is out of physical RAM or swap space
#   This process is running with CompressedOops enabled, and the Java Heap may be blocking the growth of the native heap
# Possible solutions:
#   Reduce memory load on the system
#   Increase physical memory or swap space
#   Check if swap backing store is full
#   Decrease Java heap size (-Xmx/-Xms)
#   Decrease number of Java threads
#   Decrease Java thread stack sizes (-Xss)
#   Set larger code cache with -XX:ReservedCodeCacheSize=
#   JVM is running with Unscaled Compressed Oops mode in which the Java heap is
#     placed in the first 4GB address space. The Java Heap base address is the
#     maximum limit for the native heap growth. Please use -XX:HeapBaseMinAddress
#     to set the Java Heap base and to place the Java Heap above 4GB virtual address.
# This output file may be truncated or incomplete.
#
#  Out of Memory Error (allocation.cpp:44), pid=20760, tid=22548
#
# JRE version: OpenJDK Runtime Environment Temurin-21.0.9+10 (21.0.9+10) (build 21.0.9+10-LTS)
# Java VM: OpenJDK 64-Bit Server VM Temurin-21.0.9+10 (21.0.9+10-LTS, mixed mode, sharing, tiered, compressed oops, compressed class ptrs, parallel gc, windows-amd64)
# No core dump will be written. Minidumps are not enabled by default on client versions of Windows
#

---------------  S U M M A R Y ------------

Command Line: --add-modules=ALL-SYSTEM --add-opens=java.base/java.util=ALL-UNNAMED --add-opens=java.base/java.lang=ALL-UNNAMED --add-opens=java.base/sun.nio.fs=ALL-UNNAMED -Declipse.application=org.eclipse.jdt.ls.core.id1 -Dosgi.bundles.defaultStartLevel=4 -Declipse.product=org.eclipse.jdt.ls.core.product -Djava.import.generatesMetadataFilesAtProjectRoot=false -DDetectVMInstallationsJob.disabled=true -Dfile.encoding=utf8 -XX:+UseParallelGC -XX:GCTimeRatio=4 -XX:AdaptiveSizePolicyWeight=90 -Dsun.zip.disableMemoryMapping=true -Xmx2G -Xms100m -Xlog:disable -javaagent:c:\Users\Admin\.vscode\extensions\redhat.java-1.52.0-win32-x64\lombok\lombok-1.18.39-4050.jar -XX:+HeapDumpOnOutOfMemoryError -XX:HeapDumpPath=c:\Users\Admin\AppData\Roaming\Code\User\workspaceStorage\b89880c31729f1607dbc5d5e7a7db1cb\redhat.java -Daether.dependencyCollector.impl=bf c:\Users\Admin\.vscode\extensions\redhat.java-1.52.0-win32-x64\server\plugins\org.eclipse.equinox.launcher_1.7.100.v20251111-0406.jar -configuration c:\Users\Admin\AppData\Roaming\Code\User\globalStorage\redhat.java\1.52.0\config_win -data c:\Users\Admin\AppData\Roaming\Code\User\workspaceStorage\b89880c31729f1607dbc5d5e7a7db1cb\redhat.java\jdt_ws --pipe=\\.\pipe\lsp-110b59ee2c279b43d4ee3880487e6987-sock

Host: 11th Gen Intel(R) Core(TM) i5-1135G7 @ 2.40GHz, 8 cores, 7G,  Windows 11 , 64 bit Build 26100 (10.0.26100.7705)
Time: Sat Feb 21 16:27:03 2026 India Standard Time elapsed time: 1188.327209 seconds (0d 0h 19m 48s)

---------------  T H R E A D  ---------------

Current thread (0x0000020cdb2a75a0):  JavaThread "Attach Listener" daemon [_thread_in_vm, id=22548, stack(0x000000de8cd00000,0x000000de8ce00000) (1024K)]

Stack: [0x000000de8cd00000,0x000000de8ce00000]
Native frames: (J=compiled Java code, j=interpreted, Vv=VM code, C=native code)
V  [jvm.dll+0x6d6e29]
V  [jvm.dll+0x8b4b76]
V  [jvm.dll+0x8b712e]
V  [jvm.dll+0x8b7813]
V  [jvm.dll+0x283d86]
V  [jvm.dll+0xc1277]
V  [jvm.dll+0x6d76d9]
V  [jvm.dll+0x133466]
V  [jvm.dll+0x3f7ea6]
V  [jvm.dll+0x85e9ad]
V  [jvm.dll+0x6d565d]
C  [ucrtbase.dll+0x37b0]
C  [KERNEL32.DLL+0x2e8d7]
C  [ntdll.dll+0x8c40c]


---------------  P R O C E S S  ---------------

Threads class SMR info:
_java_thread_list=0x0000020cf36c4d30, length=46, elements={
0x0000020cdb333040, 0x0000020cdb29d830, 0x0000020cdb2a2f20, 0x0000020cdb2a5590,
0x0000020cdb2a75a0, 0x0000020cdb2aa100, 0x0000020cdb2aab50, 0x0000020cdb2ad990,
0x0000020cf35ce520, 0x0000020cf37bf4d0, 0x0000020cf3875fe0, 0x0000020cf8a98e30,
0x0000020cf83f0ab0, 0x0000020cf8883c10, 0x0000020cf8884270, 0x0000020cf8ca9c90,
0x0000020cf8be15a0, 0x0000020cf8d86ac0, 0x0000020cf8d88500, 0x0000020cf8d877e0,
0x0000020cfaebdd80, 0x0000020cfaebe410, 0x0000020cfaebd6f0, 0x0000020cfaebaf90,
0x0000020cfaebeaa0, 0x0000020cfaebb620, 0x0000020cfaebf130, 0x0000020cfaebbcb0,
0x0000020cfaebc340, 0x0000020cfaebf7c0, 0x0000020cfaebfe50, 0x0000020cfaebc9d0,
0x0000020cfe232010, 0x0000020cf9b1a840, 0x0000020cfe237560, 0x0000020cfe234770,
0x0000020cfe2361b0, 0x0000020cfe236840, 0x0000020cfaec04e0, 0x0000020cfaebd060,
0x0000020cfaec25b0, 0x0000020cfaec1200, 0x0000020cfaec1f20, 0x0000020cf8d89220,
0x0000020cf8d898b0, 0x0000020cf8d88b90
}

Java Threads: ( => current thread )
  0x0000020cdb333040 JavaThread "main"                              [_thread_blocked, id=14604, stack(0x000000de8c600000,0x000000de8c700000) (1024K)]
  0x0000020cdb29d830 JavaThread "Reference Handler"          daemon [_thread_blocked, id=2772, stack(0x000000de8ca00000,0x000000de8cb00000) (1024K)]
  0x0000020cdb2a2f20 JavaThread "Finalizer"                  daemon [_thread_blocked, id=1628, stack(0x000000de8cb00000,0x000000de8cc00000) (1024K)]
  0x0000020cdb2a5590 JavaThread "Signal Dispatcher"          daemon [_thread_blocked, id=1844, stack(0x000000de8cc00000,0x000000de8cd00000) (1024K)]
=>0x0000020cdb2a75a0 JavaThread "Attach Listener"            daemon [_thread_in_vm, id=22548, stack(0x000000de8cd00000,0x000000de8ce00000) (1024K)]
  0x0000020cdb2aa100 JavaThread "Service Thread"             daemon [_thread_blocked, id=22900, stack(0x000000de8ce00000,0x000000de8cf00000) (1024K)]
  0x0000020cdb2aab50 JavaThread "Monitor Deflation Thread"   daemon [_thread_blocked, id=13792, stack(0x000000de8cf00000,0x000000de8d000000) (1024K)]
  0x0000020cdb2ad990 JavaThread "C2 CompilerThread0"         daemon [_thread_blocked, id=9064, stack(0x000000de8d000000,0x000000de8d100000) (1024K)]
  0x0000020cf35ce520 JavaThread "C1 CompilerThread0"         daemon [_thread_blocked, id=23684, stack(0x000000de8d100000,0x000000de8d200000) (1024K)]
  0x0000020cf37bf4d0 JavaThread "Common-Cleaner"             daemon [_thread_blocked, id=17436, stack(0x000000de8d200000,0x000000de8d300000) (1024K)]
  0x0000020cf3875fe0 JavaThread "Notification Thread"        daemon [_thread_blocked, id=15800, stack(0x000000de8d300000,0x000000de8d400000) (1024K)]
  0x0000020cf8a98e30 JavaThread "Active Thread: Equinox Container: f9386731-409d-4fe8-9bc0-03317476b858"        [_thread_blocked, id=17772, stack(0x000000de8dc00000,0x000000de8dd00000) (1024K)]
  0x0000020cf83f0ab0 JavaThread "Refresh Thread: Equinox Container: f9386731-409d-4fe8-9bc0-03317476b858" daemon [_thread_blocked, id=3364, stack(0x000000de8dd00000,0x000000de8de00000) (1024K)]
  0x0000020cf8883c10 JavaThread "Framework Event Dispatcher: Equinox Container: f9386731-409d-4fe8-9bc0-03317476b858" daemon [_thread_blocked, id=14856, stack(0x000000de8de00000,0x000000de8df00000) (1024K)]
  0x0000020cf8884270 JavaThread "Start Level: Equinox Container: f9386731-409d-4fe8-9bc0-03317476b858" daemon [_thread_blocked, id=1584, stack(0x000000de8df00000,0x000000de8e000000) (1024K)]
  0x0000020cf8ca9c90 JavaThread "Bundle File Closer"         daemon [_thread_blocked, id=300, stack(0x000000de8e000000,0x000000de8e100000) (1024K)]
  0x0000020cf8be15a0 JavaThread "SCR Component Actor"        daemon [_thread_blocked, id=23668, stack(0x000000de8d400000,0x000000de8d500000) (1024K)]
  0x0000020cf8d86ac0 JavaThread "Worker-JM"                         [_thread_blocked, id=15364, stack(0x000000de8e100000,0x000000de8e200000) (1024K)]
  0x0000020cf8d88500 JavaThread "JNA Cleaner"                daemon [_thread_blocked, id=12672, stack(0x000000de8e200000,0x000000de8e300000) (1024K)]
  0x0000020cf8d877e0 JavaThread "Java indexing"              daemon [_thread_blocked, id=15660, stack(0x000000de8e700000,0x000000de8e800000) (1024K)]
  0x0000020cfaebdd80 JavaThread "Thread-1"                   daemon [_thread_in_native, id=1184, stack(0x000000de8ed00000,0x000000de8ee00000) (1024K)]
  0x0000020cfaebe410 JavaThread "Thread-2"                   daemon [_thread_in_native, id=23276, stack(0x000000de8ee00000,0x000000de8ef00000) (1024K)]
  0x0000020cfaebd6f0 JavaThread "Thread-3"                   daemon [_thread_in_native, id=11540, stack(0x000000de8ef00000,0x000000de8f000000) (1024K)]
  0x0000020cfaebaf90 JavaThread "Thread-4"                   daemon [_thread_in_native, id=23612, stack(0x000000de8f000000,0x000000de8f100000) (1024K)]
  0x0000020cfaebeaa0 JavaThread "Thread-5"                   daemon [_thread_in_native, id=23472, stack(0x000000de8f100000,0x000000de8f200000) (1024K)]
  0x0000020cfaebb620 JavaThread "Thread-6"                   daemon [_thread_in_native, id=13036, stack(0x000000de8f200000,0x000000de8f300000) (1024K)]
  0x0000020cfaebf130 JavaThread "Thread-7"                   daemon [_thread_in_native, id=5244, stack(0x000000de8f300000,0x000000de8f400000) (1024K)]
  0x0000020cfaebbcb0 JavaThread "Thread-8"                   daemon [_thread_in_native, id=8488, stack(0x000000de8f400000,0x000000de8f500000) (1024K)]
  0x0000020cfaebc340 JavaThread "Thread-9"                   daemon [_thread_in_native, id=22280, stack(0x000000de8f500000,0x000000de8f600000) (1024K)]
  0x0000020cfaebf7c0 JavaThread "pool-2-thread-1"                   [_thread_blocked, id=23780, stack(0x000000de8f700000,0x000000de8f800000) (1024K)]
  0x0000020cfaebfe50 JavaThread "WorkspaceEventsHandler"            [_thread_blocked, id=24188, stack(0x000000de8f800000,0x000000de8f900000) (1024K)]
  0x0000020cfaebc9d0 JavaThread "pool-1-thread-1"                   [_thread_blocked, id=12384, stack(0x000000de8f900000,0x000000de8fa00000) (1024K)]
  0x0000020cfe232010 JavaThread "Cleaner-0"                  daemon [_thread_blocked, id=2684, stack(0x000000de90600000,0x000000de90700000) (1024K)]
  0x0000020cf9b1a840 JavaThread "ForkJoinPool.commonPool-worker-12" daemon [_thread_blocked, id=19464, stack(0x000000de8e300000,0x000000de8e400000) (1024K)]
  0x0000020cfe237560 JavaThread "Worker-6"                          [_thread_blocked, id=2264, stack(0x000000de8e400000,0x000000de8e500000) (1024K)]
  0x0000020cfe234770 JavaThread "Compiler Source File Reader" daemon [_thread_blocked, id=23116, stack(0x000000de8e500000,0x000000de8e600000) (1024K)]
  0x0000020cfe2361b0 JavaThread "Compiler Source File Reader" daemon [_thread_blocked, id=4896, stack(0x000000de8e800000,0x000000de8e900000) (1024K)]
  0x0000020cfe236840 JavaThread "Compiler Source File Reader" daemon [_thread_blocked, id=5588, stack(0x000000de8e900000,0x000000de8ea00000) (1024K)]
  0x0000020cfaec04e0 JavaThread "Compiler Source File Reader" daemon [_thread_blocked, id=22496, stack(0x000000de8ea00000,0x000000de8eb00000) (1024K)]
  0x0000020cfaebd060 JavaThread "Compiler Source File Reader" daemon [_thread_blocked, id=13032, stack(0x000000de8eb00000,0x000000de8ec00000) (1024K)]
  0x0000020cfaec25b0 JavaThread "Compiler Source File Reader" daemon [_thread_blocked, id=13384, stack(0x000000de8f600000,0x000000de8f700000) (1024K)]
  0x0000020cfaec1200 JavaThread "ForkJoinPool.commonPool-worker-14" daemon [_thread_blocked, id=1644, stack(0x000000de8c500000,0x000000de8c600000) (1024K)]
  0x0000020cfaec1f20 JavaThread "ForkJoinPool.commonPool-worker-16" daemon [_thread_blocked, id=1852, stack(0x000000de8fc00000,0x000000de8fd00000) (1024K)]
  0x0000020cf8d89220 JavaThread "ForkJoinPool.commonPool-worker-17" daemon [_thread_blocked, id=20068, stack(0x000000de8fd00000,0x000000de8fe00000) (1024K)]
  0x0000020cf8d898b0 JavaThread "ForkJoinPool.commonPool-worker-18" daemon [_thread_blocked, id=15768, stack(0x000000de8fe00000,0x000000de8ff00000) (1024K)]
  0x0000020cf8d88b90 JavaThread "Worker-7"                          [_thread_blocked, id=24116, stack(0x000000de8e600000,0x000000de8e700000) (1024K)]
Total: 46

Other Threads:
  0x0000020cd903ea10 VMThread "VM Thread"                           [id=20232, stack(0x000000de8c900000,0x000000de8ca00000) (1024K)]
  0x0000020cdb39deb0 WatcherThread "VM Periodic Task Thread"        [id=22320, stack(0x000000de8c800000,0x000000de8c900000) (1024K)]
  0x0000020cdb351920 WorkerThread "GC Thread#0"                     [id=10484, stack(0x000000de8c700000,0x000000de8c800000) (1024K)]
  0x0000020cf859ef00 WorkerThread "GC Thread#1"                     [id=15260, stack(0x000000de8d600000,0x000000de8d700000) (1024K)]
  0x0000020cf859f2a0 WorkerThread "GC Thread#2"                     [id=6292, stack(0x000000de8d700000,0x000000de8d800000) (1024K)]
  0x0000020cf85edc80 WorkerThread "GC Thread#3"                     [id=14880, stack(0x000000de8d800000,0x000000de8d900000) (1024K)]
  0x0000020cf85ee020 WorkerThread "GC Thread#4"                     [id=11968, stack(0x000000de8d900000,0x000000de8da00000) (1024K)]
  0x0000020cf85ee3c0 WorkerThread "GC Thread#5"                     [id=344, stack(0x000000de8da00000,0x000000de8db00000) (1024K)]
  0x0000020cf8671610 WorkerThread "GC Thread#6"                     [id=15568, stack(0x000000de8db00000,0x000000de8dc00000) (1024K)]
  0x0000020cf8880380 WorkerThread "GC Thread#7"                     [id=11820, stack(0x000000de8d500000,0x000000de8d600000) (1024K)]
Total: 10

Threads with active compile tasks:
Total: 0

VM state: not at safepoint (normal execution)

VM Mutex/Monitor currently owned by a thread: None

Heap address: 0x0000000080000000, size: 2048 MB, Compressed Oops mode: 32-bit

CDS archive(s) mapped at: [0x0000020c80000000-0x0000020c80ba0000-0x0000020c80ba0000), size 12189696, SharedBaseAddress: 0x0000020c80000000, ArchiveRelocationMode: 1.
Compressed class space mapped at: 0x0000020c81000000-0x0000020cc1000000, reserved size: 1073741824
Narrow klass base: 0x0000020c80000000, Narrow klass shift: 0, Narrow klass range: 0x100000000

GC Precious Log:
 CardTable entry size: 512
 CPUs: 8 total, 8 available
 Memory: 7934M
 Large Page Support: Disabled
 NUMA Support: Disabled
 Compressed Oops: Enabled (32-bit)
 Alignments: Space 512K, Generation 512K, Heap 2M
 Heap Min Capacity: 100M
 Heap Initial Capacity: 100M
 Heap Max Capacity: 2G
 Pre-touch: Disabled
 Parallel Workers: 8

Heap:
 PSYoungGen      total 5120K, used 3937K [0x00000000d5580000, 0x00000000d5d00000, 0x0000000100000000)
  eden space 4096K, 87% used [0x00000000d5580000,0x00000000d59004b0,0x00000000d5980000)
  from space 1024K, 34% used [0x00000000d5b00000,0x00000000d5b58000,0x00000000d5c00000)
  to   space 512K, 0% used [0x00000000d5c80000,0x00000000d5c80000,0x00000000d5d00000)
 ParOldGen       total 821760K, used 819851K [0x0000000080000000, 0x00000000b2280000, 0x00000000d5580000)
  object space 821760K, 99% used [0x0000000080000000,0x00000000b20a2ec8,0x00000000b2280000)
 Metaspace       used 78213K, committed 80000K, reserved 1179648K
  class space    used 8048K, committed 8832K, reserved 1048576K

Card table byte_map: [0x0000020cdacd0000,0x0000020cdb0e0000] _byte_map_base: 0x0000020cda8d0000

Marking Bits: (ParMarkBitMap*) 0x00007ffd92262460
 Begin Bits: [0x0000020ced7e0000, 0x0000020cef7e0000)
 End Bits:   [0x0000020cef7e0000, 0x0000020cf17e0000)

Polling page: 0x0000020cd9160000

Metaspace:

Usage:
  Non-class:     68.52 MB used.
      Class:      7.86 MB used.
       Both:     76.38 MB used.

Virtual space:
  Non-class space:      128.00 MB reserved,      69.50 MB ( 54%) committed,  2 nodes.
      Class space:        1.00 GB reserved,       8.62 MB ( <1%) committed,  1 nodes.
             Both:        1.12 GB reserved,      78.12 MB (  7%) committed. 

Chunk freelists:
   Non-Class:  10.09 MB
       Class:  7.19 MB
        Both:  17.29 MB

MaxMetaspaceSize: unlimited
CompressedClassSpaceSize: 1.00 GB
Initial GC threshold: 21.00 MB
Current GC threshold: 97.31 MB
CDS: on
 - commit_granule_bytes: 65536.
 - commit_granule_words: 8192.
 - virtual_space_node_default_size: 8388608.
 - enlarge_chunks_in_place: 1.
 - use_allocation_guard: 0.


Internal statistics:

num_allocs_failed_limit: 9.
num_arena_births: 1494.
num_arena_deaths: 40.
num_vsnodes_births: 3.
num_vsnodes_deaths: 0.
num_space_committed: 1250.
num_space_uncommitted: 0.
num_chunks_returned_to_freelist: 55.
num_chunks_taken_from_freelist: 5452.
num_chunk_merges: 18.
num_chunk_splits: 3299.
num_chunks_enlarged: 1775.
num_inconsistent_stats: 0.

CodeHeap 'non-profiled nmethods': size=120000Kb used=13787Kb max_used=13787Kb free=106213Kb
 bounds [0x0000020ce6000000, 0x0000020ce6d80000, 0x0000020ced530000]
CodeHeap 'profiled nmethods': size=120000Kb used=38702Kb max_used=38702Kb free=81297Kb
 bounds [0x0000020cde530000, 0x0000020ce0b00000, 0x0000020ce5a60000]
CodeHeap 'non-nmethods': size=5760Kb used=1484Kb max_used=1551Kb free=4275Kb
 bounds [0x0000020ce5a60000, 0x0000020ce5cd0000, 0x0000020ce6000000]
CodeCache: size=245760Kb, used=53973Kb, max_used=54040Kb, free=191785Kb
 total_blobs=16614, nmethods=15824, adapters=694, full_count=0
Compilation: enabled, stopped_count=0, restarted_count=0

Compilation events (20 events):
Event: 1168.808 Thread 0x0000020cf35ce520 nmethod 16597 0x0000020ce0af8590 code [0x0000020ce0af8860, 0x0000020ce0af9868]
Event: 1168.808 Thread 0x0000020cf35ce520 16598       3       java.io.ObjectOutputStream::writeByte (9 bytes)
Event: 1168.808 Thread 0x0000020cf35ce520 nmethod 16598 0x0000020ce0af9e10 code [0x0000020ce0af9fc0, 0x0000020ce0afa100]
Event: 1168.808 Thread 0x0000020cf35ce520 16599       3       java.io.ObjectOutputStream::writeUTF (9 bytes)
Event: 1168.808 Thread 0x0000020cf35ce520 nmethod 16599 0x0000020ce0afa210 code [0x0000020ce0afa3e0, 0x0000020ce0afa5e0]
Event: 1168.873 Thread 0x0000020cf35ce520 16600       3       java.io.FilterOutputStream::write (9 bytes)
Event: 1168.874 Thread 0x0000020cf35ce520 nmethod 16600 0x0000020ce0afa710 code [0x0000020ce0afa8c0, 0x0000020ce0afaa98]
Event: 1169.082 Thread 0x0000020cf35ce520 16601       3       org.eclipse.core.runtime.SubMonitor::convert (8 bytes)
Event: 1169.082 Thread 0x0000020cf35ce520 nmethod 16601 0x0000020ce0afab90 code [0x0000020ce0afad40, 0x0000020ce0afae68]
Event: 1169.092 Thread 0x0000020cf35ce520 16602       1       org.eclipse.jdt.apt.core.internal.AptProject::getJavaProject (5 bytes)
Event: 1169.092 Thread 0x0000020cf35ce520 nmethod 16602 0x0000020ce6d65910 code [0x0000020ce6d65aa0, 0x0000020ce6d65b68]
Event: 1169.158 Thread 0x0000020cf35ce520 16603       3       com.sun.org.apache.xerces.internal.utils.XMLSecurityPropertyManager::getValue (10 bytes)
Event: 1169.159 Thread 0x0000020cf35ce520 nmethod 16603 0x0000020ce0afaf10 code [0x0000020ce0afb0c0, 0x0000020ce0afb218]
Event: 1169.159 Thread 0x0000020cf35ce520 16604       3       com.sun.org.apache.xerces.internal.impl.XMLEntityScanner::setCurrentEntity (24 bytes)
Event: 1169.160 Thread 0x0000020cf35ce520 nmethod 16604 0x0000020ce0afb310 code [0x0000020ce0afb4c0, 0x0000020ce0afb648]
Event: 1169.199 Thread 0x0000020cf35ce520 16605       3       org.eclipse.core.internal.dtree.DeltaDataTree::includes (12 bytes)
Event: 1169.199 Thread 0x0000020cf35ce520 nmethod 16605 0x0000020ce0afb710 code [0x0000020ce0afb8c0, 0x0000020ce0afba78]
Event: 1169.394 Thread 0x0000020cdb2ad990 nmethod 16594 0x0000020ce6d65c10 code [0x0000020ce6d66980, 0x0000020ce6d6f4a8]
Event: 1169.395 Thread 0x0000020cdb2ad990 16595       4       java.io.ObjectStreamClass::forClass (52 bytes)
Event: 1169.397 Thread 0x0000020cdb2ad990 nmethod 16595 0x0000020ce6d76910 code [0x0000020ce6d76aa0, 0x0000020ce6d76b68]

GC Heap History (20 events):
Event: 1040.007 GC heap before
{Heap before GC invocations=491 (full 3):
 PSYoungGen      total 4096K, used 4064K [0x00000000d5580000, 0x00000000d5f80000, 0x0000000100000000)
  eden space 2560K, 100% used [0x00000000d5580000,0x00000000d5800000,0x00000000d5800000)
  from space 1536K, 97% used [0x00000000d5800000,0x00000000d59782f8,0x00000000d5980000)
  to   space 3584K, 0% used [0x00000000d5c00000,0x00000000d5c00000,0x00000000d5f80000)
 ParOldGen       total 742400K, used 742199K [0x0000000080000000, 0x00000000ad500000, 0x00000000d5580000)
  object space 742400K, 99% used [0x0000000080000000,0x00000000ad4cde40,0x00000000ad500000)
 Metaspace       used 77990K, committed 79808K, reserved 1179648K
  class space    used 8032K, committed 8832K, reserved 1048576K
}
Event: 1040.012 GC heap after
{Heap after GC invocations=491 (full 3):
 PSYoungGen      total 6144K, used 2627K [0x00000000d5580000, 0x00000000d5f00000, 0x0000000100000000)
  eden space 3072K, 0% used [0x00000000d5580000,0x00000000d5580000,0x00000000d5880000)
  from space 3072K, 85% used [0x00000000d5c00000,0x00000000d5e90e30,0x00000000d5f00000)
  to   space 3072K, 0% used [0x00000000d5900000,0x00000000d5900000,0x00000000d5c00000)
 ParOldGen       total 743936K, used 743693K [0x0000000080000000, 0x00000000ad680000, 0x00000000d5580000)
  object space 743936K, 99% used [0x0000000080000000,0x00000000ad6435c8,0x00000000ad680000)
 Metaspace       used 77990K, committed 79808K, reserved 1179648K
  class space    used 8032K, committed 8832K, reserved 1048576K
}
Event: 1040.054 GC heap before
{Heap before GC invocations=492 (full 3):
 PSYoungGen      total 6144K, used 5699K [0x00000000d5580000, 0x00000000d5f00000, 0x0000000100000000)
  eden space 3072K, 100% used [0x00000000d5580000,0x00000000d5880000,0x00000000d5880000)
  from space 3072K, 85% used [0x00000000d5c00000,0x00000000d5e90e30,0x00000000d5f00000)
  to   space 3072K, 0% used [0x00000000d5900000,0x00000000d5900000,0x00000000d5c00000)
 ParOldGen       total 743936K, used 743693K [0x0000000080000000, 0x00000000ad680000, 0x00000000d5580000)
  object space 743936K, 99% used [0x0000000080000000,0x00000000ad6435c8,0x00000000ad680000)
 Metaspace       used 78002K, committed 79808K, reserved 1179648K
  class space    used 8032K, committed 8832K, reserved 1048576K
}
Event: 1040.059 GC heap after
{Heap after GC invocations=492 (full 3):
 PSYoungGen      total 5120K, used 1056K [0x00000000d5580000, 0x00000000d5d80000, 0x0000000100000000)
  eden space 3584K, 0% used [0x00000000d5580000,0x00000000d5580000,0x00000000d5900000)
  from space 1536K, 68% used [0x00000000d5900000,0x00000000d5a08000,0x00000000d5a80000)
  to   space 2048K, 0% used [0x00000000d5b80000,0x00000000d5b80000,0x00000000d5d80000)
 ParOldGen       total 747008K, used 746607K [0x0000000080000000, 0x00000000ad980000, 0x00000000d5580000)
  object space 747008K, 99% used [0x0000000080000000,0x00000000ad91bdc8,0x00000000ad980000)
 Metaspace       used 78002K, committed 79808K, reserved 1179648K
  class space    used 8032K, committed 8832K, reserved 1048576K
}
Event: 1040.100 GC heap before
{Heap before GC invocations=493 (full 3):
 PSYoungGen      total 5120K, used 4639K [0x00000000d5580000, 0x00000000d5d80000, 0x0000000100000000)
  eden space 3584K, 99% used [0x00000000d5580000,0x00000000d58fff70,0x00000000d5900000)
  from space 1536K, 68% used [0x00000000d5900000,0x00000000d5a08000,0x00000000d5a80000)
  to   space 2048K, 0% used [0x00000000d5b80000,0x00000000d5b80000,0x00000000d5d80000)
 ParOldGen       total 778752K, used 777327K [0x0000000080000000, 0x00000000af880000, 0x00000000d5580000)
  object space 778752K, 99% used [0x0000000080000000,0x00000000af71bdf8,0x00000000af880000)
 Metaspace       used 78011K, committed 79808K, reserved 1179648K
  class space    used 8032K, committed 8832K, reserved 1048576K
}
Event: 1040.103 GC heap after
{Heap after GC invocations=493 (full 3):
 PSYoungGen      total 4096K, used 2024K [0x00000000d5580000, 0x00000000d6200000, 0x0000000100000000)
  eden space 2048K, 0% used [0x00000000d5580000,0x00000000d5580000,0x00000000d5780000)
  from space 2048K, 98% used [0x00000000d5b80000,0x00000000d5d7a090,0x00000000d5d80000)
  to   space 4096K, 0% used [0x00000000d5780000,0x00000000d5780000,0x00000000d5b80000)
 ParOldGen       total 779264K, used 778763K [0x0000000080000000, 0x00000000af900000, 0x00000000d5580000)
  object space 779264K, 99% used [0x0000000080000000,0x00000000af882e08,0x00000000af900000)
 Metaspace       used 78011K, committed 79808K, reserved 1179648K
  class space    used 8032K, committed 8832K, reserved 1048576K
}
Event: 1040.108 GC heap before
{Heap before GC invocations=494 (full 3):
 PSYoungGen      total 4096K, used 4072K [0x00000000d5580000, 0x00000000d6200000, 0x0000000100000000)
  eden space 2048K, 100% used [0x00000000d5580000,0x00000000d5780000,0x00000000d5780000)
  from space 2048K, 98% used [0x00000000d5b80000,0x00000000d5d7a090,0x00000000d5d80000)
  to   space 4096K, 0% used [0x00000000d5780000,0x00000000d5780000,0x00000000d5b80000)
 ParOldGen       total 779264K, used 778763K [0x0000000080000000, 0x00000000af900000, 0x00000000d5580000)
  object space 779264K, 99% used [0x0000000080000000,0x00000000af882e08,0x00000000af900000)
 Metaspace       used 78017K, committed 79808K, reserved 1179648K
  class space    used 8032K, committed 8832K, reserved 1048576K
}
Event: 1040.113 GC heap after
{Heap after GC invocations=494 (full 3):
 PSYoungGen      total 4096K, used 1856K [0x00000000d5580000, 0x00000000d5d00000, 0x0000000100000000)
  eden space 2048K, 0% used [0x00000000d5580000,0x00000000d5580000,0x00000000d5780000)
  from space 2048K, 90% used [0x00000000d5780000,0x00000000d5950000,0x00000000d5980000)
  to   space 2560K, 0% used [0x00000000d5a80000,0x00000000d5a80000,0x00000000d5d00000)
 ParOldGen       total 781312K, used 780819K [0x0000000080000000, 0x00000000afb00000, 0x00000000d5580000)
  object space 781312K, 99% used [0x0000000080000000,0x00000000afa84e98,0x00000000afb00000)
 Metaspace       used 78017K, committed 79808K, reserved 1179648K
  class space    used 8032K, committed 8832K, reserved 1048576K
}
Event: 1040.118 GC heap before
{Heap before GC invocations=495 (full 3):
 PSYoungGen      total 4096K, used 3903K [0x00000000d5580000, 0x00000000d5d00000, 0x0000000100000000)
  eden space 2048K, 99% used [0x00000000d5580000,0x00000000d577fff8,0x00000000d5780000)
  from space 2048K, 90% used [0x00000000d5780000,0x00000000d5950000,0x00000000d5980000)
  to   space 2560K, 0% used [0x00000000d5a80000,0x00000000d5a80000,0x00000000d5d00000)
 ParOldGen       total 781312K, used 780819K [0x0000000080000000, 0x00000000afb00000, 0x00000000d5580000)
  object space 781312K, 99% used [0x0000000080000000,0x00000000afa84e98,0x00000000afb00000)
 Metaspace       used 78018K, committed 79808K, reserved 1179648K
  class space    used 8032K, committed 8832K, reserved 1048576K
}
Event: 1040.122 GC heap after
{Heap after GC invocations=495 (full 3):
 PSYoungGen      total 4608K, used 1888K [0x00000000d5580000, 0x00000000d5c80000, 0x0000000100000000)
  eden space 2560K, 0% used [0x00000000d5580000,0x00000000d5580000,0x00000000d5800000)
  from space 2048K, 92% used [0x00000000d5a80000,0x00000000d5c58000,0x00000000d5c80000)
  to   space 2048K, 0% used [0x00000000d5880000,0x00000000d5880000,0x00000000d5a80000)
 ParOldGen       total 782848K, used 782627K [0x0000000080000000, 0x00000000afc80000, 0x00000000d5580000)
  object space 782848K, 99% used [0x0000000080000000,0x00000000afc48e98,0x00000000afc80000)
 Metaspace       used 78018K, committed 79808K, reserved 1179648K
  class space    used 8032K, committed 8832K, reserved 1048576K
}
Event: 1040.129 GC heap before
{Heap before GC invocations=496 (full 3):
 PSYoungGen      total 4608K, used 4416K [0x00000000d5580000, 0x00000000d5c80000, 0x0000000100000000)
  eden space 2560K, 98% used [0x00000000d5580000,0x00000000d57f8240,0x00000000d5800000)
  from space 2048K, 92% used [0x00000000d5a80000,0x00000000d5c58000,0x00000000d5c80000)
  to   space 2048K, 0% used [0x00000000d5880000,0x00000000d5880000,0x00000000d5a80000)
 ParOldGen       total 782848K, used 782627K [0x0000000080000000, 0x00000000afc80000, 0x00000000d5580000)
  object space 782848K, 99% used [0x0000000080000000,0x00000000afc48e98,0x00000000afc80000)
 Metaspace       used 78019K, committed 79808K, reserved 1179648K
  class space    used 8032K, committed 8832K, reserved 1048576K
}
Event: 1040.134 GC heap after
{Heap after GC invocations=496 (full 3):
 PSYoungGen      total 5120K, used 2036K [0x00000000d5580000, 0x00000000d6180000, 0x0000000100000000)
  eden space 3072K, 0% used [0x00000000d5580000,0x00000000d5580000,0x00000000d5880000)
  from space 2048K, 99% used [0x00000000d5880000,0x00000000d5a7d000,0x00000000d5a80000)
  to   space 4608K, 0% used [0x00000000d5d00000,0x00000000d5d00000,0x00000000d6180000)
 ParOldGen       total 784896K, used 784571K [0x0000000080000000, 0x00000000afe80000, 0x00000000d5580000)
  object space 784896K, 99% used [0x0000000080000000,0x00000000afe2ee98,0x00000000afe80000)
 Metaspace       used 78019K, committed 79808K, reserved 1179648K
  class space    used 8032K, committed 8832K, reserved 1048576K
}
Event: 1040.157 GC heap before
{Heap before GC invocations=497 (full 3):
 PSYoungGen      total 5120K, used 4889K [0x00000000d5580000, 0x00000000d6180000, 0x0000000100000000)
  eden space 3072K, 92% used [0x00000000d5580000,0x00000000d58496a8,0x00000000d5880000)
  from space 2048K, 99% used [0x00000000d5880000,0x00000000d5a7d000,0x00000000d5a80000)
  to   space 4608K, 0% used [0x00000000d5d00000,0x00000000d5d00000,0x00000000d6180000)
 ParOldGen       total 784896K, used 784571K [0x0000000080000000, 0x00000000afe80000, 0x00000000d5580000)
  object space 784896K, 99% used [0x0000000080000000,0x00000000afe2ee98,0x00000000afe80000)
 Metaspace       used 78020K, committed 79808K, reserved 1179648K
  class space    used 8032K, committed 8832K, reserved 1048576K
}
Event: 1040.161 GC heap after
{Heap after GC invocations=497 (full 3):
 PSYoungGen      total 6656K, used 1792K [0x00000000d5580000, 0x00000000d5f80000, 0x0000000100000000)
  eden space 4096K, 0% used [0x00000000d5580000,0x00000000d5580000,0x00000000d5980000)
  from space 2560K, 70% used [0x00000000d5d00000,0x00000000d5ec0000,0x00000000d5f80000)
  to   space 3072K, 0% used [0x00000000d5980000,0x00000000d5980000,0x00000000d5c80000)
 ParOldGen       total 786944K, used 786563K [0x0000000080000000, 0x00000000b0080000, 0x00000000d5580000)
  object space 786944K, 99% used [0x0000000080000000,0x00000000b0020e98,0x00000000b0080000)
 Metaspace       used 78020K, committed 79808K, reserved 1179648K
  class space    used 8032K, committed 8832K, reserved 1048576K
}
Event: 1047.634 GC heap before
{Heap before GC invocations=498 (full 3):
 PSYoungGen      total 6656K, used 5888K [0x00000000d5580000, 0x00000000d5f80000, 0x0000000100000000)
  eden space 4096K, 100% used [0x00000000d5580000,0x00000000d5980000,0x00000000d5980000)
  from space 2560K, 70% used [0x00000000d5d00000,0x00000000d5ec0000,0x00000000d5f80000)
  to   space 3072K, 0% used [0x00000000d5980000,0x00000000d5980000,0x00000000d5c80000)
 ParOldGen       total 786944K, used 786563K [0x0000000080000000, 0x00000000b0080000, 0x00000000d5580000)
  object space 786944K, 99% used [0x0000000080000000,0x00000000b0020e98,0x00000000b0080000)
 Metaspace       used 78030K, committed 79808K, reserved 1179648K
  class space    used 8032K, committed 8832K, reserved 1048576K
}
Event: 1047.640 GC heap after
{Heap after GC invocations=498 (full 3):
 PSYoungGen      total 7168K, used 1908K [0x00000000d5580000, 0x00000000d5e80000, 0x0000000100000000)
  eden space 4096K, 0% used [0x00000000d5580000,0x00000000d5580000,0x00000000d5980000)
  from space 3072K, 62% used [0x00000000d5980000,0x00000000d5b5d200,0x00000000d5c80000)
  to   space 2048K, 0% used [0x00000000d5c80000,0x00000000d5c80000,0x00000000d5e80000)
 ParOldGen       total 787968K, used 787627K [0x0000000080000000, 0x00000000b0180000, 0x00000000d5580000)
  object space 787968K, 99% used [0x0000000080000000,0x00000000b012ae98,0x00000000b0180000)
 Metaspace       used 78030K, committed 79808K, reserved 1179648K
  class space    used 8032K, committed 8832K, reserved 1048576K
}
Event: 1047.731 GC heap before
{Heap before GC invocations=499 (full 3):
 PSYoungGen      total 7168K, used 6004K [0x00000000d5580000, 0x00000000d5e80000, 0x0000000100000000)
  eden space 4096K, 100% used [0x00000000d5580000,0x00000000d5980000,0x00000000d5980000)
  from space 3072K, 62% used [0x00000000d5980000,0x00000000d5b5d200,0x00000000d5c80000)
  to   space 2048K, 0% used [0x00000000d5c80000,0x00000000d5c80000,0x00000000d5e80000)
 ParOldGen       total 787968K, used 787627K [0x0000000080000000, 0x00000000b0180000, 0x00000000d5580000)
  object space 787968K, 99% used [0x0000000080000000,0x00000000b012ae98,0x00000000b0180000)
 Metaspace       used 78135K, committed 79872K, reserved 1179648K
  class space    used 8044K, committed 8832K, reserved 1048576K
}
Event: 1047.734 GC heap after
{Heap after GC invocations=499 (full 3):
 PSYoungGen      total 4608K, used 410K [0x00000000d5580000, 0x00000000d5d00000, 0x0000000100000000)
  eden space 4096K, 0% used [0x00000000d5580000,0x00000000d5580000,0x00000000d5980000)
  from space 512K, 80% used [0x00000000d5c80000,0x00000000d5ce6900,0x00000000d5d00000)
  to   space 1024K, 0% used [0x00000000d5b00000,0x00000000d5b00000,0x00000000d5c00000)
 ParOldGen       total 790016K, used 789091K [0x0000000080000000, 0x00000000b0380000, 0x00000000d5580000)
  object space 790016K, 99% used [0x0000000080000000,0x00000000b0298e98,0x00000000b0380000)
 Metaspace       used 78135K, committed 79872K, reserved 1179648K
  class space    used 8044K, committed 8832K, reserved 1048576K
}
Event: 1125.011 GC heap before
{Heap before GC invocations=500 (full 3):
 PSYoungGen      total 4608K, used 4506K [0x00000000d5580000, 0x00000000d5d00000, 0x0000000100000000)
  eden space 4096K, 100% used [0x00000000d5580000,0x00000000d5980000,0x00000000d5980000)
  from space 512K, 80% used [0x00000000d5c80000,0x00000000d5ce6900,0x00000000d5d00000)
  to   space 1024K, 0% used [0x00000000d5b00000,0x00000000d5b00000,0x00000000d5c00000)
 ParOldGen       total 821760K, used 819811K [0x0000000080000000, 0x00000000b2280000, 0x00000000d5580000)
  object space 821760K, 99% used [0x0000000080000000,0x00000000b2098ec8,0x00000000b2280000)
 Metaspace       used 78202K, committed 80000K, reserved 1179648K
  class space    used 8048K, committed 8832K, reserved 1048576K
}
Event: 1125.021 GC heap after
{Heap after GC invocations=500 (full 3):
 PSYoungGen      total 5120K, used 352K [0x00000000d5580000, 0x00000000d5d00000, 0x0000000100000000)
  eden space 4096K, 0% used [0x00000000d5580000,0x00000000d5580000,0x00000000d5980000)
  from space 1024K, 34% used [0x00000000d5b00000,0x00000000d5b58000,0x00000000d5c00000)
  to   space 512K, 0% used [0x00000000d5c80000,0x00000000d5c80000,0x00000000d5d00000)
 ParOldGen       total 821760K, used 819851K [0x0000000080000000, 0x00000000b2280000, 0x00000000d5580000)
  object space 821760K, 99% used [0x0000000080000000,0x00000000b20a2ec8,0x00000000b2280000)
 Metaspace       used 78202K, committed 80000K, reserved 1179648K
  class space    used 8048K, committed 8832K, reserved 1048576K
}

Dll operation events (10 events):
Event: 0.012 Loaded shared library c:\Users\Admin\.vscode\extensions\redhat.java-1.52.0-win32-x64\jre\21.0.9-win32-x86_64\bin\java.dll
Event: 0.228 Loaded shared library c:\Users\Admin\.vscode\extensions\redhat.java-1.52.0-win32-x64\jre\21.0.9-win32-x86_64\bin\zip.dll
Event: 0.276 Loaded shared library C:\Users\Admin\.vscode\extensions\redhat.java-1.52.0-win32-x64\jre\21.0.9-win32-x86_64\bin\instrument.dll
Event: 0.300 Loaded shared library C:\Users\Admin\.vscode\extensions\redhat.java-1.52.0-win32-x64\jre\21.0.9-win32-x86_64\bin\net.dll
Event: 0.303 Loaded shared library C:\Users\Admin\.vscode\extensions\redhat.java-1.52.0-win32-x64\jre\21.0.9-win32-x86_64\bin\nio.dll
Event: 0.309 Loaded shared library C:\Users\Admin\.vscode\extensions\redhat.java-1.52.0-win32-x64\jre\21.0.9-win32-x86_64\bin\zip.dll
Event: 0.349 Loaded shared library C:\Users\Admin\.vscode\extensions\redhat.java-1.52.0-win32-x64\jre\21.0.9-win32-x86_64\bin\jimage.dll
Event: 0.466 Loaded shared library c:\Users\Admin\.vscode\extensions\redhat.java-1.52.0-win32-x64\jre\21.0.9-win32-x86_64\bin\verify.dll
Event: 1.940 Loaded shared library C:\Users\Admin\AppData\Roaming\Code\User\globalStorage\redhat.java\1.52.0\config_win\org.eclipse.equinox.launcher\org.eclipse.equinox.launcher.win32.win32.x86_64_1.2.1500.v20260121-1430\eclipse_11919.dll
Event: 5.737 Loaded shared library C:\Users\Admin\AppData\Local\Temp\jna-63116079\jna10498324971497779819.dll

Deoptimization events (20 events):
Event: 1047.727 Thread 0x0000020cfaec1890 Uncommon trap: trap_request=0xffffffde fr.pc=0x0000020ce6c5deb8 relative=0x0000000000003fb8
Event: 1047.727 Thread 0x0000020cfaec1890 Uncommon trap: reason=class_check action=maybe_recompile pc=0x0000020ce6c5deb8 method=org.eclipse.jdt.internal.compiler.lookup.LookupEnvironment.computePackageFrom([[CZ)Lorg/eclipse/jdt/internal/compiler/lookup/PackageBinding; @ 51 c2
Event: 1047.727 Thread 0x0000020cfaec1890 DEOPT PACKING pc=0x0000020ce6c5deb8 sp=0x000000de8fbfe290
Event: 1047.727 Thread 0x0000020cfaec1890 DEOPT UNPACKING pc=0x0000020ce5ab6da2 sp=0x000000de8fbfe240 mode 2
Event: 1047.728 Thread 0x0000020cfaec1890 Uncommon trap: trap_request=0xffffffde fr.pc=0x0000020ce6c5deb8 relative=0x0000000000003fb8
Event: 1047.728 Thread 0x0000020cfaec1890 Uncommon trap: reason=class_check action=maybe_recompile pc=0x0000020ce6c5deb8 method=org.eclipse.jdt.internal.compiler.lookup.LookupEnvironment.computePackageFrom([[CZ)Lorg/eclipse/jdt/internal/compiler/lookup/PackageBinding; @ 51 c2
Event: 1047.728 Thread 0x0000020cfaec1890 DEOPT PACKING pc=0x0000020ce6c5deb8 sp=0x000000de8fbfdf30
Event: 1047.728 Thread 0x0000020cfaec1890 DEOPT UNPACKING pc=0x0000020ce5ab6da2 sp=0x000000de8fbfdec8 mode 2
Event: 1047.749 Thread 0x0000020cfaec1890 Uncommon trap: trap_request=0xffffff45 fr.pc=0x0000020ce6cca844 relative=0x0000000000000284
Event: 1047.749 Thread 0x0000020cfaec1890 Uncommon trap: reason=unstable_if action=reinterpret pc=0x0000020ce6cca844 method=org.eclipse.jdt.internal.core.SourceRefElement.equals(Ljava/lang/Object;)Z @ 33 c2
Event: 1047.750 Thread 0x0000020cfaec1890 DEOPT PACKING pc=0x0000020ce6cca844 sp=0x000000de8fbfe880
Event: 1047.750 Thread 0x0000020cfaec1890 DEOPT UNPACKING pc=0x0000020ce5ab6da2 sp=0x000000de8fbfe818 mode 2
Event: 1047.761 Thread 0x0000020cfaec1890 Uncommon trap: trap_request=0xffffffc6 fr.pc=0x0000020ce65c3014 relative=0x0000000000000d14
Event: 1047.761 Thread 0x0000020cfaec1890 Uncommon trap: reason=bimorphic_or_optimized_type_check action=maybe_recompile pc=0x0000020ce65c3014 method=org.eclipse.jdt.internal.core.NameLookup.getModuleDescription(Lorg/eclipse/jdt/internal/core/JavaProject;Lorg/eclipse/jdt/core/IPackageFragmentRoot
Event: 1047.761 Thread 0x0000020cfaec1890 DEOPT PACKING pc=0x0000020ce65c3014 sp=0x000000de8fbfe320
Event: 1047.761 Thread 0x0000020cfaec1890 DEOPT UNPACKING pc=0x0000020ce5ab6da2 sp=0x000000de8fbfe2c8 mode 2
Event: 1047.765 Thread 0x0000020cfaec1890 Uncommon trap: trap_request=0xffffffc6 fr.pc=0x0000020ce65c3014 relative=0x0000000000000d14
Event: 1047.765 Thread 0x0000020cfaec1890 Uncommon trap: reason=bimorphic_or_optimized_type_check action=maybe_recompile pc=0x0000020ce65c3014 method=org.eclipse.jdt.internal.core.NameLookup.getModuleDescription(Lorg/eclipse/jdt/internal/core/JavaProject;Lorg/eclipse/jdt/core/IPackageFragmentRoot
Event: 1047.765 Thread 0x0000020cfaec1890 DEOPT PACKING pc=0x0000020ce65c3014 sp=0x000000de8fbfe2a0
Event: 1047.765 Thread 0x0000020cfaec1890 DEOPT UNPACKING pc=0x0000020ce5ab6da2 sp=0x000000de8fbfe248 mode 2

Classes loaded (20 events):
Event: 353.346 Loading class java/util/stream/Nodes$AbstractConcNode done
Event: 353.346 Loading class java/util/stream/Nodes$ConcNode done
Event: 353.670 Loading class java/io/ObjectOutputStream$BlockDataOutputStream
Event: 353.677 Loading class java/io/ObjectOutputStream$BlockDataOutputStream done
Event: 353.678 Loading class java/io/ObjectOutputStream$HandleTable
Event: 353.683 Loading class java/io/ObjectOutputStream$HandleTable done
Event: 353.683 Loading class java/io/ObjectOutputStream$ReplaceTable
Event: 353.685 Loading class java/io/ObjectOutputStream$ReplaceTable done
Event: 1020.415 Loading class jdk/internal/module/IllegalAccessLogger
Event: 1020.415 Loading class jdk/internal/module/IllegalAccessLogger done
Event: 1031.020 Loading class jdk/internal/module/IllegalAccessLogger
Event: 1031.020 Loading class jdk/internal/module/IllegalAccessLogger done
Event: 1032.429 Loading class jdk/internal/module/IllegalAccessLogger
Event: 1032.429 Loading class jdk/internal/module/IllegalAccessLogger done
Event: 1034.243 Loading class jdk/internal/module/IllegalAccessLogger
Event: 1034.243 Loading class jdk/internal/module/IllegalAccessLogger done
Event: 1037.509 Loading class jdk/internal/module/IllegalAccessLogger
Event: 1037.509 Loading class jdk/internal/module/IllegalAccessLogger done
Event: 1040.023 Loading class jdk/internal/module/IllegalAccessLogger
Event: 1040.023 Loading class jdk/internal/module/IllegalAccessLogger done

Classes unloaded (20 events):
Event: 6.790 Thread 0x0000020cd903ea10 Unloading class 0x0000020c811a4000 'java/lang/invoke/LambdaForm$MH+0x0000020c811a4000'
Event: 6.790 Thread 0x0000020cd903ea10 Unloading class 0x0000020c811a3c00 'java/lang/invoke/LambdaForm$MH+0x0000020c811a3c00'
Event: 6.790 Thread 0x0000020cd903ea10 Unloading class 0x0000020c811a3800 'java/lang/invoke/LambdaForm$MH+0x0000020c811a3800'
Event: 6.790 Thread 0x0000020cd903ea10 Unloading class 0x0000020c811a3400 'java/lang/invoke/LambdaForm$MH+0x0000020c811a3400'
Event: 6.790 Thread 0x0000020cd903ea10 Unloading class 0x0000020c811a3000 'java/lang/invoke/LambdaForm$BMH+0x0000020c811a3000'
Event: 6.790 Thread 0x0000020cd903ea10 Unloading class 0x0000020c811a2c00 'java/lang/invoke/LambdaForm$DMH+0x0000020c811a2c00'
Event: 6.790 Thread 0x0000020cd903ea10 Unloading class 0x0000020c811a1800 'java/lang/invoke/LambdaForm$DMH+0x0000020c811a1800'
Event: 16.831 Thread 0x0000020cd903ea10 Unloading class 0x0000020c81621c00 'java/lang/invoke/LambdaForm$MH+0x0000020c81621c00'
Event: 16.831 Thread 0x0000020cd903ea10 Unloading class 0x0000020c81621400 'java/lang/invoke/LambdaForm$MH+0x0000020c81621400'
Event: 16.831 Thread 0x0000020cd903ea10 Unloading class 0x0000020c81621000 'java/lang/invoke/LambdaForm$MH+0x0000020c81621000'
Event: 16.831 Thread 0x0000020cd903ea10 Unloading class 0x0000020c81620c00 'java/lang/invoke/LambdaForm$MH+0x0000020c81620c00'
Event: 16.831 Thread 0x0000020cd903ea10 Unloading class 0x0000020c81620800 'java/lang/invoke/LambdaForm$MH+0x0000020c81620800'
Event: 16.831 Thread 0x0000020cd903ea10 Unloading class 0x0000020c81620000 'java/lang/invoke/LambdaForm$MH+0x0000020c81620000'
Event: 16.831 Thread 0x0000020cd903ea10 Unloading class 0x0000020c8154c400 'java/lang/invoke/LambdaForm$MH+0x0000020c8154c400'
Event: 16.831 Thread 0x0000020cd903ea10 Unloading class 0x0000020c8154b800 'java/lang/invoke/LambdaForm$MH+0x0000020c8154b800'
Event: 16.831 Thread 0x0000020cd903ea10 Unloading class 0x0000020c8154b000 'java/lang/invoke/LambdaForm$MH+0x0000020c8154b000'
Event: 16.831 Thread 0x0000020cd903ea10 Unloading class 0x0000020c8154a800 'java/lang/invoke/LambdaForm$MH+0x0000020c8154a800'
Event: 16.831 Thread 0x0000020cd903ea10 Unloading class 0x0000020c8154a000 'java/lang/invoke/LambdaForm$MH+0x0000020c8154a000'
Event: 16.831 Thread 0x0000020cd903ea10 Unloading class 0x0000020c81549c00 'java/lang/invoke/LambdaForm$DMH+0x0000020c81549c00'
Event: 16.831 Thread 0x0000020cd903ea10 Unloading class 0x0000020c81548400 'java/lang/invoke/LambdaForm$MH+0x0000020c81548400'

Classes redefined (0 events):
No events

Internal exceptions (20 events):
Event: 353.854 Thread 0x0000020cf8d89220 Exception <a 'java/lang/NoSuchMethodError'{0x00000000d55d6eb0}: static [J.<clinit>()V> (0x00000000d55d6eb0) 
thrown [s\src\hotspot\share\prims\jni.cpp, line 1111]
Event: 353.914 Thread 0x0000020cf8d89220 Exception <a 'java/lang/NoSuchMethodError'{0x00000000d5606588}: 'java.lang.Object java.lang.invoke.DirectMethodHandle$Holder.newInvokeSpecial(java.lang.Object, java.lang.Object, java.lang.Object, java.lang.Object, java.lang.Object, java.lang.Object, java.lang.Object, java.lang.Object)'> (0x00000000d5606588) 
thrown [s\src\hotspot\share\interpreter\linkResolver.cpp, line 773]
Event: 554.779 Thread 0x0000020cf9b19490 Exception <a 'java/lang/ArrayIndexOutOfBoundsException'{0x00000000d5816c90}> (0x00000000d5816c90) 
thrown [s\src\hotspot\share\runtime\sharedRuntime.cpp, line 625]
Event: 750.605 Thread 0x0000020cf8d89220 Exception <a 'sun/nio/fs/WindowsException'{0x00000000d56446e0}> (0x00000000d56446e0) 
thrown [s\src\hotspot\share\prims\jni.cpp, line 520]
Event: 750.608 Thread 0x0000020cf8d89220 Exception <a 'sun/nio/fs/WindowsException'{0x00000000d5644fc0}> (0x00000000d5644fc0) 
thrown [s\src\hotspot\share\prims\jni.cpp, line 520]
Event: 922.121 Thread 0x0000020cf9b19b20 Exception <a 'java/lang/ArrayIndexOutOfBoundsException'{0x00000000d56d74f0}> (0x00000000d56d74f0) 
thrown [s\src\hotspot\share\runtime\sharedRuntime.cpp, line 625]
Event: 1020.035 Thread 0x0000020cfe2340e0 Implicit null exception at 0x0000020ce6a83338 to 0x0000020ce6a853ec
Event: 1020.300 Thread 0x0000020cf8d877e0 Exception <a 'sun/nio/fs/WindowsException'{0x00000000d56c8978}> (0x00000000d56c8978) 
thrown [s\src\hotspot\share\prims\jni.cpp, line 520]
Event: 1021.015 Thread 0x0000020cf8d877e0 Exception <a 'sun/nio/fs/WindowsException'{0x00000000d5669bd0}> (0x00000000d5669bd0) 
thrown [s\src\hotspot\share\prims\jni.cpp, line 520]
Event: 1022.421 Thread 0x0000020cf9b1a840 Exception <a 'java/lang/ArrayIndexOutOfBoundsException'{0x00000000d57ce410}> (0x00000000d57ce410) 
thrown [s\src\hotspot\share\runtime\sharedRuntime.cpp, line 625]
Event: 1030.860 Thread 0x0000020cf8d877e0 Exception <a 'sun/nio/fs/WindowsException'{0x00000000d56396f0}> (0x00000000d56396f0) 
thrown [s\src\hotspot\share\prims\jni.cpp, line 520]
Event: 1031.325 Thread 0x0000020cf8d877e0 Exception <a 'sun/nio/fs/WindowsException'{0x00000000d583f870}> (0x00000000d583f870) 
thrown [s\src\hotspot\share\prims\jni.cpp, line 520]
Event: 1034.074 Thread 0x0000020cf8d877e0 Exception <a 'sun/nio/fs/WindowsException'{0x00000000d5808f90}> (0x00000000d5808f90) 
thrown [s\src\hotspot\share\prims\jni.cpp, line 520]
Event: 1034.544 Thread 0x0000020cf8d877e0 Exception <a 'sun/nio/fs/WindowsException'{0x00000000d56d41d0}> (0x00000000d56d41d0) 
thrown [s\src\hotspot\share\prims\jni.cpp, line 520]
Event: 1037.524 Thread 0x0000020cf8d877e0 Exception <a 'sun/nio/fs/WindowsException'{0x00000000d55f6310}> (0x00000000d55f6310) 
thrown [s\src\hotspot\share\prims\jni.cpp, line 520]
Event: 1038.810 Thread 0x0000020cf8d877e0 Exception <a 'sun/nio/fs/WindowsException'{0x00000000d56d41d0}> (0x00000000d56d41d0) 
thrown [s\src\hotspot\share\prims\jni.cpp, line 520]
Event: 1039.890 Thread 0x0000020cf8d877e0 Exception <a 'sun/nio/fs/WindowsException'{0x00000000d59e3908}> (0x00000000d59e3908) 
thrown [s\src\hotspot\share\prims\jni.cpp, line 520]
Event: 1040.211 Thread 0x0000020cf8d877e0 Exception <a 'sun/nio/fs/WindowsException'{0x00000000d56d41d0}> (0x00000000d56d41d0) 
thrown [s\src\hotspot\share\prims\jni.cpp, line 520]
Event: 1168.734 Thread 0x0000020cfe237560 Exception <a 'sun/nio/fs/WindowsException'{0x00000000d577b550}> (0x00000000d577b550) 
thrown [s\src\hotspot\share\prims\jni.cpp, line 520]
Event: 1168.741 Thread 0x0000020cfe237560 Exception <a 'sun/nio/fs/WindowsException'{0x00000000d577be30}> (0x00000000d577be30) 
thrown [s\src\hotspot\share\prims\jni.cpp, line 520]

ZGC Phase Switch (0 events):
No events

VM Operations (20 events):
Event: 1047.727 Executing VM operation: HandshakeAllThreads (Deoptimize)
Event: 1047.727 Executing VM operation: HandshakeAllThreads (Deoptimize) done
Event: 1047.731 Executing VM operation: ParallelGCFailedAllocation (Allocation Failure)
Event: 1047.734 Executing VM operation: ParallelGCFailedAllocation (Allocation Failure) done
Event: 1048.747 Executing VM operation: Cleanup
Event: 1048.747 Executing VM operation: Cleanup done
Event: 1082.162 Executing VM operation: HandshakeAllThreads (HandshakeForDeflation)
Event: 1082.162 Executing VM operation: HandshakeAllThreads (HandshakeForDeflation) done
Event: 1082.162 Executing VM operation: RendezvousGCThreads
Event: 1082.162 Executing VM operation: RendezvousGCThreads done
Event: 1125.011 Executing VM operation: ParallelGCFailedAllocation (Allocation Failure)
Event: 1125.021 Executing VM operation: ParallelGCFailedAllocation (Allocation Failure) done
Event: 1126.022 Executing VM operation: Cleanup
Event: 1126.022 Executing VM operation: Cleanup done
Event: 1142.285 Executing VM operation: HandshakeAllThreads (HandshakeForDeflation)
Event: 1142.286 Executing VM operation: HandshakeAllThreads (HandshakeForDeflation) done
Event: 1142.286 Executing VM operation: RendezvousGCThreads
Event: 1142.286 Executing VM operation: RendezvousGCThreads done
Event: 1169.437 Executing VM operation: Cleanup
Event: 1169.437 Executing VM operation: Cleanup done

Memory protections (0 events):
No events

Nmethod flushes (20 events):
Event: 16.859 Thread 0x0000020cd903ea10 flushing osr nmethod 0x0000020cdedd0b10
Event: 16.859 Thread 0x0000020cd903ea10 flushing  nmethod 0x0000020cdeddb510
Event: 16.859 Thread 0x0000020cd903ea10 flushing  nmethod 0x0000020cdedf6710
Event: 16.859 Thread 0x0000020cd903ea10 flushing  nmethod 0x0000020cdee08e90
Event: 16.859 Thread 0x0000020cd903ea10 flushing  nmethod 0x0000020cdee0cd10
Event: 16.859 Thread 0x0000020cd903ea10 flushing  nmethod 0x0000020cdee0dc10
Event: 16.859 Thread 0x0000020cd903ea10 flushing  nmethod 0x0000020cdee19090
Event: 16.859 Thread 0x0000020cd903ea10 flushing  nmethod 0x0000020cdee37690
Event: 16.859 Thread 0x0000020cd903ea10 flushing  nmethod 0x0000020cdee38390
Event: 16.859 Thread 0x0000020cd903ea10 flushing  nmethod 0x0000020cdee38c10
Event: 16.859 Thread 0x0000020cd903ea10 flushing  nmethod 0x0000020cdee39210
Event: 16.859 Thread 0x0000020cd903ea10 flushing  nmethod 0x0000020cdee3aa10
Event: 16.859 Thread 0x0000020cd903ea10 flushing  nmethod 0x0000020cdee46290
Event: 16.859 Thread 0x0000020cd903ea10 flushing  nmethod 0x0000020cdee4ae10
Event: 16.859 Thread 0x0000020cd903ea10 flushing  nmethod 0x0000020cdee5b910
Event: 16.859 Thread 0x0000020cd903ea10 flushing  nmethod 0x0000020cdee71590
Event: 16.859 Thread 0x0000020cd903ea10 flushing  nmethod 0x0000020cdee82010
Event: 16.859 Thread 0x0000020cd903ea10 flushing  nmethod 0x0000020cdee89990
Event: 16.859 Thread 0x0000020cd903ea10 flushing  nmethod 0x0000020cdee92090
Event: 16.859 Thread 0x0000020cd903ea10 flushing osr nmethod 0x0000020cdee9cf10

Events (20 events):
Event: 1020.450 Thread 0x0000020cf8d88b90 Thread added: 0x0000020cfaebd060
Event: 1020.450 Thread 0x0000020cfe236840 Thread added: 0x0000020cfaec25b0
Event: 1021.027 Thread 0x0000020cf9113380 Thread exited: 0x0000020cf9113380
Event: 1029.426 Thread 0x0000020cf35ce520 Thread added: 0x0000020cf9113380
Event: 1029.815 Thread 0x0000020cf9113380 Thread exited: 0x0000020cf9113380
Event: 1030.580 Thread 0x0000020cf9b1a840 Thread added: 0x0000020cfaec1200
Event: 1037.297 Thread 0x0000020cfaebc9d0 Thread added: 0x0000020cfaec1890
Event: 1037.312 Thread 0x0000020cfaec1890 Thread added: 0x0000020cfaec1f20
Event: 1037.318 Thread 0x0000020cfaec1f20 Thread added: 0x0000020cf8d89220
Event: 1037.327 Thread 0x0000020cf8d89220 Thread added: 0x0000020cf8d898b0
Event: 1100.047 Thread 0x0000020cfe235490 Thread exited: 0x0000020cfe235490
Event: 1100.164 Thread 0x0000020cf8d88b90 Thread exited: 0x0000020cf8d88b90
Event: 1107.815 Thread 0x0000020cfaec1890 Thread exited: 0x0000020cfaec1890
Event: 1124.900 Thread 0x0000020cfe237560 Thread added: 0x0000020cf8d88b90
Event: 1126.411 Thread 0x0000020cfe2340e0 Thread exited: 0x0000020cfe2340e0
Event: 1167.821 Thread 0x0000020cfe2312f0 Thread exited: 0x0000020cfe2312f0
Event: 1168.669 Thread 0x0000020cfe237560 Thread added: 0x0000020cf9b19490
Event: 1168.684 Thread 0x0000020cf9b19490 Thread exited: 0x0000020cf9b19490
Event: 1168.752 Thread 0x0000020cfe237560 Thread added: 0x0000020cf9b19490
Event: 1168.753 Thread 0x0000020cf9b19490 Thread exited: 0x0000020cf9b19490


Dynamic libraries:
0x00007ff66e990000 - 0x00007ff66e99e000 	c:\Users\Admin\.vscode\extensions\redhat.java-1.52.0-win32-x64\jre\21.0.9-win32-x86_64\bin\java.exe
0x00007ffe599c0000 - 0x00007ffe59c28000 	C:\WINDOWS\SYSTEM32\ntdll.dll
0x00007ffe58ec0000 - 0x00007ffe58f89000 	C:\WINDOWS\System32\KERNEL32.DLL
0x00007ffe57360000 - 0x00007ffe57751000 	C:\WINDOWS\System32\KERNELBASE.dll
0x00007ffe566e0000 - 0x00007ffe5682b000 	C:\WINDOWS\System32\ucrtbase.dll
0x00007ffe2cbb0000 - 0x00007ffe2cbc8000 	c:\Users\Admin\.vscode\extensions\redhat.java-1.52.0-win32-x64\jre\21.0.9-win32-x86_64\bin\jli.dll
0x00007ffe2c4b0000 - 0x00007ffe2c4ce000 	c:\Users\Admin\.vscode\extensions\redhat.java-1.52.0-win32-x64\jre\21.0.9-win32-x86_64\bin\VCRUNTIME140.dll
0x00007ffe59350000 - 0x00007ffe59516000 	C:\WINDOWS\System32\USER32.dll
0x00007ffe3ade0000 - 0x00007ffe3b073000 	C:\WINDOWS\WinSxS\amd64_microsoft.windows.common-controls_6595b64144ccf1df_6.0.26100.7824_none_3e0870b2e3345462\COMCTL32.dll
0x00007ffe562a0000 - 0x00007ffe562c7000 	C:\WINDOWS\System32\win32u.dll
0x00007ffe58fa0000 - 0x00007ffe59049000 	C:\WINDOWS\System32\msvcrt.dll
0x00007ffe592a0000 - 0x00007ffe592cb000 	C:\WINDOWS\System32\GDI32.dll
0x00007ffe56500000 - 0x00007ffe5662b000 	C:\WINDOWS\System32\gdi32full.dll
0x00007ffe56630000 - 0x00007ffe566d3000 	C:\WINDOWS\System32\msvcp_win.dll
0x00007ffe59840000 - 0x00007ffe59871000 	C:\WINDOWS\System32\IMM32.DLL
0x00007ffe34aa0000 - 0x00007ffe34aac000 	c:\Users\Admin\.vscode\extensions\redhat.java-1.52.0-win32-x64\jre\21.0.9-win32-x86_64\bin\vcruntime140_1.dll
0x00007ffe15df0000 - 0x00007ffe15e7d000 	c:\Users\Admin\.vscode\extensions\redhat.java-1.52.0-win32-x64\jre\21.0.9-win32-x86_64\bin\msvcp140.dll
0x00007ffd915a0000 - 0x00007ffd92340000 	c:\Users\Admin\.vscode\extensions\redhat.java-1.52.0-win32-x64\jre\21.0.9-win32-x86_64\bin\server\jvm.dll
0x00007ffe59520000 - 0x00007ffe595d4000 	C:\WINDOWS\System32\ADVAPI32.dll
0x00007ffe58e10000 - 0x00007ffe58eb6000 	C:\WINDOWS\System32\sechost.dll
0x00007ffe58560000 - 0x00007ffe58678000 	C:\WINDOWS\System32\RPCRT4.dll
0x00007ffe59220000 - 0x00007ffe59294000 	C:\WINDOWS\System32\WS2_32.dll
0x00007ffe56120000 - 0x00007ffe5617e000 	C:\WINDOWS\SYSTEM32\POWRPROF.dll
0x00007ffe442a0000 - 0x00007ffe442ab000 	C:\WINDOWS\SYSTEM32\VERSION.dll
0x00007ffe4eed0000 - 0x00007ffe4ef05000 	C:\WINDOWS\SYSTEM32\WINMM.dll
0x00007ffe56100000 - 0x00007ffe56114000 	C:\WINDOWS\SYSTEM32\UMPDC.dll
0x00007ffe55000000 - 0x00007ffe5501b000 	C:\WINDOWS\SYSTEM32\kernel.appcore.dll
0x00007ffe31f30000 - 0x00007ffe31f3a000 	c:\Users\Admin\.vscode\extensions\redhat.java-1.52.0-win32-x64\jre\21.0.9-win32-x86_64\bin\jimage.dll
0x00007ffe540c0000 - 0x00007ffe54302000 	C:\WINDOWS\SYSTEM32\DBGHELP.DLL
0x00007ffe58820000 - 0x00007ffe58ba6000 	C:\WINDOWS\System32\combase.dll
0x00007ffe57760000 - 0x00007ffe57837000 	C:\WINDOWS\System32\OLEAUT32.dll
0x00007ffe38cd0000 - 0x00007ffe38d0b000 	C:\WINDOWS\SYSTEM32\dbgcore.DLL
0x00007ffe56450000 - 0x00007ffe564f5000 	C:\WINDOWS\System32\bcryptPrimitives.dll
0x00007ffe31c50000 - 0x00007ffe31c5f000 	c:\Users\Admin\.vscode\extensions\redhat.java-1.52.0-win32-x64\jre\21.0.9-win32-x86_64\bin\instrument.dll
0x00007ffe19810000 - 0x00007ffe19830000 	c:\Users\Admin\.vscode\extensions\redhat.java-1.52.0-win32-x64\jre\21.0.9-win32-x86_64\bin\java.dll
0x00007ffe57970000 - 0x00007ffe580c2000 	C:\WINDOWS\System32\SHELL32.dll
0x00007ffe57160000 - 0x00007ffe572ca000 	C:\WINDOWS\System32\wintypes.dll
0x00007ffe56830000 - 0x00007ffe57093000 	C:\WINDOWS\System32\windows.storage.dll
0x00007ffe59880000 - 0x00007ffe59976000 	C:\WINDOWS\System32\SHCORE.dll
0x00007ffe578a0000 - 0x00007ffe57907000 	C:\WINDOWS\System32\shlwapi.dll
0x00007ffe561c0000 - 0x00007ffe561e9000 	C:\WINDOWS\SYSTEM32\profapi.dll
0x00007ffe197f0000 - 0x00007ffe19808000 	c:\Users\Admin\.vscode\extensions\redhat.java-1.52.0-win32-x64\jre\21.0.9-win32-x86_64\bin\zip.dll
0x00007ffe2cd60000 - 0x00007ffe2cd70000 	C:\Users\Admin\.vscode\extensions\redhat.java-1.52.0-win32-x64\jre\21.0.9-win32-x86_64\bin\net.dll
0x00007ffe4e170000 - 0x00007ffe4e297000 	C:\WINDOWS\SYSTEM32\WINHTTP.dll
0x00007ffe55550000 - 0x00007ffe555bb000 	C:\WINDOWS\system32\mswsock.dll
0x00007ffe19520000 - 0x00007ffe19536000 	C:\Users\Admin\.vscode\extensions\redhat.java-1.52.0-win32-x64\jre\21.0.9-win32-x86_64\bin\nio.dll
0x00007ffe24970000 - 0x00007ffe24980000 	c:\Users\Admin\.vscode\extensions\redhat.java-1.52.0-win32-x64\jre\21.0.9-win32-x86_64\bin\verify.dll
0x00007ffe0ba90000 - 0x00007ffe0bad5000 	C:\Users\Admin\AppData\Roaming\Code\User\globalStorage\redhat.java\1.52.0\config_win\org.eclipse.equinox.launcher\org.eclipse.equinox.launcher.win32.win32.x86_64_1.2.1500.v20260121-1430\eclipse_11919.dll
0x00007ffe595e0000 - 0x00007ffe59777000 	C:\WINDOWS\System32\ole32.dll
0x00007ffe55940000 - 0x00007ffe5595b000 	C:\WINDOWS\SYSTEM32\CRYPTSP.dll
0x00007ffe54f60000 - 0x00007ffe54f99000 	C:\WINDOWS\system32\rsaenh.dll
0x00007ffe55600000 - 0x00007ffe5562b000 	C:\WINDOWS\SYSTEM32\USERENV.dll
0x00007ffe56190000 - 0x00007ffe561ba000 	C:\WINDOWS\SYSTEM32\bcrypt.dll
0x00007ffe557a0000 - 0x00007ffe557ac000 	C:\WINDOWS\SYSTEM32\CRYPTBASE.dll
0x00007ffe54a00000 - 0x00007ffe54a34000 	C:\WINDOWS\SYSTEM32\IPHLPAPI.DLL
0x00007ffe58f90000 - 0x00007ffe58f9a000 	C:\WINDOWS\System32\NSI.dll
0x00007ffdf27b0000 - 0x00007ffdf27f9000 	C:\Users\Admin\AppData\Local\Temp\jna-63116079\jna10498324971497779819.dll
0x00007ffe57890000 - 0x00007ffe57898000 	C:\WINDOWS\System32\PSAPI.DLL
0x00007ffe50280000 - 0x00007ffe5029e000 	C:\WINDOWS\SYSTEM32\dhcpcsvc6.DLL
0x00007ffe50250000 - 0x00007ffe50273000 	C:\WINDOWS\SYSTEM32\dhcpcsvc.DLL

JVMTI agents:
c:\Users\Admin\.vscode\extensions\redhat.java-1.52.0-win32-x64\lombok\lombok-1.18.39-4050.jar path:c:\Users\Admin\.vscode\extensions\redhat.java-1.52.0-win32-x64\jre\21.0.9-win32-x86_64\bin\instrument.dll, loaded, initialized, instrumentlib options:none

dbghelp: loaded successfully - version: 4.0.5 - missing functions: none
symbol engine: initialized successfully - sym options: 0x614 - pdb path: .;c:\Users\Admin\.vscode\extensions\redhat.java-1.52.0-win32-x64\jre\21.0.9-win32-x86_64\bin;C:\WINDOWS\SYSTEM32;C:\WINDOWS\WinSxS\amd64_microsoft.windows.common-controls_6595b64144ccf1df_6.0.26100.7824_none_3e0870b2e3345462;c:\Users\Admin\.vscode\extensions\redhat.java-1.52.0-win32-x64\jre\21.0.9-win32-x86_64\bin\server;C:\Users\Admin\AppData\Roaming\Code\User\globalStorage\redhat.java\1.52.0\config_win\org.eclipse.equinox.launcher\org.eclipse.equinox.launcher.win32.win32.x86_64_1.2.1500.v20260121-1430;C:\Users\Admin\AppData\Local\Temp\jna-63116079

VM Arguments:
jvm_args: --add-modules=ALL-SYSTEM --add-opens=java.base/java.util=ALL-UNNAMED --add-opens=java.base/java.lang=ALL-UNNAMED --add-opens=java.base/sun.nio.fs=ALL-UNNAMED -Declipse.application=org.eclipse.jdt.ls.core.id1 -Dosgi.bundles.defaultStartLevel=4 -Declipse.product=org.eclipse.jdt.ls.core.product -Djava.import.generatesMetadataFilesAtProjectRoot=false -DDetectVMInstallationsJob.disabled=true -Dfile.encoding=utf8 -XX:+UseParallelGC -XX:GCTimeRatio=4 -XX:AdaptiveSizePolicyWeight=90 -Dsun.zip.disableMemoryMapping=true -Xmx2G -Xms100m -Xlog:disable -javaagent:c:\Users\Admin\.vscode\extensions\redhat.java-1.52.0-win32-x64\lombok\lombok-1.18.39-4050.jar -XX:+HeapDumpOnOutOfMemoryError -XX:HeapDumpPath=c:\Users\Admin\AppData\Roaming\Code\User\workspaceStorage\b89880c31729f1607dbc5d5e7a7db1cb\redhat.java -Daether.dependencyCollector.impl=bf 
java_command: c:\Users\Admin\.vscode\extensions\redhat.java-1.52.0-win32-x64\server\plugins\org.eclipse.equinox.launcher_1.7.100.v20251111-0406.jar -configuration c:\Users\Admin\AppData\Roaming\Code\User\globalStorage\redhat.java\1.52.0\config_win -data c:\Users\Admin\AppData\Roaming\Code\User\workspaceStorage\b89880c31729f1607dbc5d5e7a7db1cb\redhat.java\jdt_ws --pipe=\\.\pipe\lsp-110b59ee2c279b43d4ee3880487e6987-sock
java_class_path (initial): c:\Users\Admin\.vscode\extensions\redhat.java-1.52.0-win32-x64\server\plugins\org.eclipse.equinox.launcher_1.7.100.v20251111-0406.jar
Launcher Type: SUN_STANDARD

[Global flags]
    uintx AdaptiveSizePolicyWeight                 = 90                                        {product} {command line}
     intx CICompilerCount                          = 4                                         {product} {ergonomic}
    uintx GCTimeRatio                              = 4                                         {product} {command line}
     bool HeapDumpOnOutOfMemoryError               = true                                   {manageable} {command line}
    ccstr HeapDumpPath                             = c:\Users\Admin\AppData\Roaming\Code\User\workspaceStorage\b89880c31729f1607dbc5d5e7a7db1cb\redhat.java         {manageable} {command line}
   size_t InitialHeapSize                          = 104857600                                 {product} {command line}
   size_t MaxHeapSize                              = 2147483648                                {product} {command line}
   size_t MaxNewSize                               = 715653120                                 {product} {ergonomic}
   size_t MinHeapDeltaBytes                        = 524288                                    {product} {ergonomic}
   size_t MinHeapSize                              = 104857600                                 {product} {command line}
   size_t NewSize                                  = 34603008                                  {product} {ergonomic}
    uintx NonNMethodCodeHeapSize                   = 5839372                                {pd product} {ergonomic}
    uintx NonProfiledCodeHeapSize                  = 122909434                              {pd product} {ergonomic}
   size_t OldSize                                  = 70254592                                  {product} {ergonomic}
    uintx ProfiledCodeHeapSize                     = 122909434                              {pd product} {ergonomic}
    uintx ReservedCodeCacheSize                    = 251658240                              {pd product} {ergonomic}
     bool SegmentedCodeCache                       = true                                      {product} {ergonomic}
   size_t SoftMaxHeapSize                          = 2147483648                             {manageable} {ergonomic}
     bool UseCompressedOops                        = true                           {product lp64_product} {ergonomic}
     bool UseLargePagesIndividualAllocation        = false                                  {pd product} {ergonomic}
     bool UseParallelGC                            = true                                      {product} {command line}

Logging:
Log output configuration:
 #0: stdout all=off uptime,level,tags foldmultilines=false
 #1: stderr all=off uptime,level,tags foldmultilines=false

Release file:
JAVA_VERSION="21.0.9" 
MODULES="java.base java.compiler java.datatransfer java.xml java.prefs java.desktop java.instrument java.logging java.management java.security.sasl java.naming java.rmi java.management.rmi java.net.http java.scripting java.security.jgss java.transaction.xa java.sql java.sql.rowset java.xml.crypto java.se java.smartcardio jdk.accessibility jdk.internal.jvmstat jdk.attach jdk.charsets jdk.internal.opt jdk.zipfs jdk.compiler jdk.crypto.ec jdk.crypto.cryptoki jdk.crypto.mscapi jdk.dynalink jdk.internal.ed jdk.editpad jdk.hotspot.agent jdk.httpserver jdk.internal.le jdk.internal.vm.ci jdk.internal.vm.compiler jdk.internal.vm.compiler.management jdk.jartool jdk.javadoc jdk.jcmd jdk.management jdk.management.agent jdk.jconsole jdk.jdeps jdk.jdwp.agent jdk.jdi jdk.jfr jdk.jshell jdk.jsobject jdk.jstatd jdk.localedata jdk.management.jfr jdk.naming.dns jdk.naming.rmi jdk.net jdk.nio.mapmode jdk.random jdk.sctp jdk.security.auth jdk.security.jgss jdk.unsupported jdk.unsupported.desktop jdk.xml.dom" 

Environment Variables:
JAVA_HOME=C:\Program Files\Java\jdk-17
PATH=C:\Program Files\Common Files\Oracle\Java\javapath;C:\WINDOWS\system32;C:\WINDOWS;C:\WINDOWS\System32\Wbem;C:\WINDOWS\System32\WindowsPowerShell\v1.0\;C:\WINDOWS\System32\OpenSSH\;C:\Program Files\Git\cmd;C:\Program Files\nodejs\;C:\Program Files (x86)\Microsoft SQL Server\170\Tools\Binn\;C:\Program Files\Microsoft SQL Server\170\Tools\Binn\;C:\Program Files\Microsoft SQL Server\Client SDK\ODBC\180\Tools\Binn\;C:\Program Files\Microsoft SQL Server\170\DTS\Binn\;C:\ProgramData\chocolatey\bin;C:\ProgramData\chocolatey\lib\maven\apache-maven-3.9.12\bin;D:\Docker\resources\bin;C:\Users\Admin\AppData\Local\Microsoft\WindowsApps;C:\Users\Admin\AppData\Local\Programs\Microsoft VS Code\bin;C:\Users\Admin\AppData\Local\GitHubDesktop\bin;C:\Users\Admin\AppData\Roaming\npm;C:\Users\Admin\AppData\Local\Programs\Antigravity\bin
USERNAME=Admin
OS=Windows_NT
PROCESSOR_IDENTIFIER=Intel64 Family 6 Model 140 Stepping 1, GenuineIntel
TMP=C:\Users\Admin\AppData\Local\Temp
TEMP=C:\Users\Admin\AppData\Local\Temp




Periodic native trim disabled

---------------  S Y S T E M  ---------------

OS:
 Windows 11 , 64 bit Build 26100 (10.0.26100.7705)
OS uptime: 1 days 5:42 hours
Hyper-V role detected

CPU: total 8 (initial active 8) (4 cores per cpu, 2 threads per core) family 6 model 140 stepping 1 microcode 0xbc, cx8, cmov, fxsr, ht, mmx, 3dnowpref, sse, sse2, sse3, ssse3, sse4.1, sse4.2, popcnt, lzcnt, tsc, tscinvbit, avx, avx2, aes, erms, clmul, bmi1, bmi2, adx, avx512f, avx512dq, avx512cd, avx512bw, avx512vl, sha, fma, vzeroupper, avx512_vpopcntdq, avx512_vpclmulqdq, avx512_vaes, avx512_vnni, clflush, clflushopt, clwb, avx512_vbmi2, avx512_vbmi, hv, rdtscp, rdpid, fsrm, gfni, avx512_bitalg, f16c, cet_ibt, cet_ss, avx512_ifma
Processor Information for the first 8 processors :
  Max Mhz: 1382, Current Mhz: 1382, Mhz Limit: 1382

Memory: 4k page, system-wide physical 7934M (502M free)
TotalPageFile size 23091M (AvailPageFile size 12M)
current process WorkingSet (physical memory assigned to process): 21M, peak: 592M
current process commit charge ("private bytes"): 1155M, peak: 1158M

vm_info: OpenJDK 64-Bit Server VM (21.0.9+10-LTS) for windows-amd64 JRE (21.0.9+10-LTS), built on 2025-10-21T00:00:00Z by "admin" with unknown MS VC++:1942

END.
